<?xml version="1.0" encoding="UTF-8" ?>
<testsuite tests="7" failures="0" name="musiclibrary.mvc.view.SaveLoadServiceTest" time="0.682" errors="0" skipped="0">
  <properties>
[...]
</properties>
  <testcase classname="musiclibrary.mvc.view.SaveLoadServiceTest" name="trackSaveLoadTest" time="0.604"/>
  <testcase classname="musiclibrary.mvc.view.SaveLoadServiceTest" name="deleteObjectTest" time="0.004"/>
  <testcase classname="musiclibrary.mvc.view.SaveLoadServiceTest" name="save" time="0.027"/>
  <testcase classname="musiclibrary.mvc.view.SaveLoadServiceTest" name="userSaveLoadTest" time="0.013"/>
  <testcase classname="musiclibrary.mvc.view.SaveLoadServiceTest" name="saveLoadEndToEnd" time="0.009"/>
  <testcase classname="musiclibrary.mvc.view.SaveLoadServiceTest" name="trackListSaveLoadTest" time="0.014"/>
  <testcase classname="musiclibrary.mvc.view.SaveLoadServiceTest" name="artistSaveLoadTest" time="0.011"/>
</testsuite>